<?xml version="1.0" encoding="UTF-8"?>
<!-- Generated by org.testng.reporters.JUnitReportReporter -->
<testsuite hostname="Z3GAVSP2PU0052" failures="0" tests="9" name="base.Driver" time="217.965" errors="0" timestamp="2020-12-20T14:50:49 IST" skipped="7">
  <testcase classname="base.Driver" name="executeTestcase" time="0.859">
    <skipped/>
  </testcase> <!-- executeTestcase -->
  <system-out/>
  <testcase classname="base.Driver" name="executeTestcase" time="0.041">
    <skipped/>
  </testcase> <!-- executeTestcase -->
  <system-out/>
  <testcase classname="base.Driver" name="executeTestcase" time="172.100"/>
  <system-out/>
  <testcase classname="base.Driver" name="executeTestcase" time="0.039">
    <skipped/>
  </testcase> <!-- executeTestcase -->
  <system-out/>
  <testcase classname="base.Driver" name="executeTestcase" time="44.731"/>
  <system-out/>
  <testcase classname="base.Driver" name="executeTestcase" time="0.059">
    <skipped/>
  </testcase> <!-- executeTestcase -->
  <system-out/>
  <testcase classname="base.Driver" name="executeTestcase" time="0.034">
    <skipped/>
  </testcase> <!-- executeTestcase -->
  <system-out/>
  <testcase classname="base.Driver" name="executeTestcase" time="0.060">
    <skipped/>
  </testcase> <!-- executeTestcase -->
  <system-out/>
  <testcase classname="base.Driver" name="executeTestcase" time="0.042">
    <skipped/>
  </testcase> <!-- executeTestcase -->
  <system-out/>
</testsuite> <!-- base.Driver -->
