<?xml version="1.0" encoding="UTF-8"?>
<!-- Generated by org.testng.reporters.JUnitReportReporter -->
<testsuite hostname="Z3P1PUGAVS0057" failures="0" tests="5" name="driver.Driver" time="297.799" errors="0" timestamp="2022-12-28T19:14:54 IST" skipped="4">
  <testcase classname="driver.Driver" name="executeTestcase" time="0.115">
    <skipped/>
  </testcase> <!-- executeTestcase -->
  <system-out/>
  <testcase classname="driver.Driver" name="executeTestcase" time="0.090">
    <skipped/>
  </testcase> <!-- executeTestcase -->
  <system-out/>
  <testcase classname="driver.Driver" name="executeTestcase" time="0.343">
    <skipped/>
  </testcase> <!-- executeTestcase -->
  <system-out/>
  <testcase classname="driver.Driver" name="executeTestcase" time="297.125"/>
  <system-out/>
  <testcase classname="driver.Driver" name="executeTestcase" time="0.126">
    <skipped/>
  </testcase> <!-- executeTestcase -->
  <system-out/>
</testsuite> <!-- driver.Driver -->
